<?xml version="1.0" encoding="UTF-8"?>
<!-- Generated by org.testng.reporters.JUnitReportReporter -->
<testsuite hostname="DESKTOP-CLTTIEV" failures="0" tests="1" name="testcases.CreatAccount_Test" time="26.846" errors="0" timestamp="2024-06-10T15:11:44 IST" skipped="0">
  <testcase classname="testcases.CreatAccount_Test" name="CreateAccount" time="26.846"/>
  <system-out/>
</testsuite> <!-- testcases.CreatAccount_Test -->
